2018-07-03 21:16:37 DEBUG  ParallelReader - Application started
2018-07-03 21:16:38 ERROR  ParallelReader - Error during the process 
javax.net.ssl.SSLHandshakeException: java.security.cert.CertificateException: No name matching en.wikipedia.org found
	at sun.security.ssl.Alerts.getSSLException(Unknown Source)
	at sun.security.ssl.SSLSocketImpl.fatal(Unknown Source)
	at sun.security.ssl.Handshaker.fatalSE(Unknown Source)
	at sun.security.ssl.Handshaker.fatalSE(Unknown Source)
	at sun.security.ssl.ClientHandshaker.serverCertificate(Unknown Source)
	at sun.security.ssl.ClientHandshaker.processMessage(Unknown Source)
	at sun.security.ssl.Handshaker.processLoop(Unknown Source)
	at sun.security.ssl.Handshaker.process_record(Unknown Source)
	at sun.security.ssl.SSLSocketImpl.readRecord(Unknown Source)
	at sun.security.ssl.SSLSocketImpl.performInitialHandshake(Unknown Source)
	at sun.security.ssl.SSLSocketImpl.startHandshake(Unknown Source)
	at sun.security.ssl.SSLSocketImpl.startHandshake(Unknown Source)
	at sun.net.www.protocol.https.HttpsClient.afterConnect(Unknown Source)
	at sun.net.www.protocol.https.AbstractDelegateHttpsURLConnection.connect(Unknown Source)
	at sun.net.www.protocol.http.HttpURLConnection.getInputStream0(Unknown Source)
	at sun.net.www.protocol.http.HttpURLConnection.getInputStream(Unknown Source)
	at java.net.HttpURLConnection.getResponseCode(Unknown Source)
	at sun.net.www.protocol.https.HttpsURLConnectionImpl.getResponseCode(Unknown Source)
	at main.ParallelReader.main(ParallelReader.java:37)
Caused by: java.security.cert.CertificateException: No name matching en.wikipedia.org found
	at sun.security.util.HostnameChecker.matchDNS(Unknown Source)
	at sun.security.util.HostnameChecker.match(Unknown Source)
	at sun.security.ssl.X509TrustManagerImpl.checkIdentity(Unknown Source)
	at sun.security.ssl.X509TrustManagerImpl.checkIdentity(Unknown Source)
	at sun.security.ssl.X509TrustManagerImpl.checkTrusted(Unknown Source)
	at sun.security.ssl.X509TrustManagerImpl.checkServerTrusted(Unknown Source)
	... 15 more
2018-07-03 21:16:38 DEBUG  ParallelReader - Application stoped
